<?xml version="1.0" encoding="UTF-8"?>
<!-- Generated by org.testng.reporters.JUnitReportReporter -->
<testsuite skipped="0" hostname="Amir-PC" name="com.w2a.TestCases.LoginTest" tests="1" failures="0" timestamp="2021-05-03T15:18:37 IST" time="3.087" errors="0">
  <testcase name="loginAsBankManager" time="3.087" classname="com.w2a.TestCases.LoginTest"/>
  <system-out/>
</testsuite> <!-- com.w2a.TestCases.LoginTest -->
