<?xml version="1.0" encoding="UTF-8"?>
<!-- Generated by org.testng.reporters.JUnitReportReporter -->
<testsuite skipped="0" hostname="Amir-PC" name="com.w2a.TestCases.OpenAccountTest" tests="1" failures="0" timestamp="2021-05-18T17:39:43 IST" time="5.881" errors="0">
  <testcase name="openAccountTest" time="5.881" classname="com.w2a.TestCases.OpenAccountTest"/>
  <system-out/>
</testsuite> <!-- com.w2a.TestCases.OpenAccountTest -->
