<?xml version="1.0" encoding="UTF-8"?>
<!-- Generated by org.testng.reporters.JUnitReportReporter -->
<testsuite skipped="0" hostname="Amir-PC" name="com.w2a.TestCases.BankManagerLoginTest" tests="1" failures="0" timestamp="2021-05-18T17:39:43 IST" time="3.083" errors="0">
  <testcase name="loginAsBankManager" time="3.083" classname="com.w2a.TestCases.BankManagerLoginTest"/>
  <system-out>
LoginTest is sucessfully exceuted..!!  </system-out>
</testsuite> <!-- com.w2a.TestCases.BankManagerLoginTest -->
