<?xml version="1.0" encoding="UTF-8"?>
<!-- Generated by org.testng.reporters.JUnitReportReporter -->
<testsuite skipped="0" hostname="Amir-PC" name="com.w2a.TestCases.AddCustomerTest" tests="2" failures="0" timestamp="18 May 2021 16:00:26 GMT" time="24.948" errors="0">
  <testcase name="addCustomer" time="12.504" classname="com.w2a.TestCases.AddCustomerTest"/>
  <testcase name="addCustomer" time="12.444" classname="com.w2a.TestCases.AddCustomerTest"/>
</testsuite> <!-- com.w2a.TestCases.AddCustomerTest -->
