<?xml version="1.0" encoding="UTF-8"?>
<!-- Generated by org.testng.reporters.JUnitReportReporter -->
<testsuite skipped="0" hostname="Amir-PC" name="com.w2a.TestCases.BankManagerLoginTest" tests="1" failures="0" timestamp="18 May 2021 16:00:26 GMT" time="3.076" errors="0">
  <testcase name="loginAsBankManager" time="3.076" classname="com.w2a.TestCases.BankManagerLoginTest"/>
</testsuite> <!-- com.w2a.TestCases.BankManagerLoginTest -->
